CompileCommand: exclude com/intellij/openapi/vfs/impl/FilePartNodeRoot.trieDescend bool exclude = true
2024-02-18 10:57:33,183 [    235]   WARN - #c.i.s.ComponentManagerImpl - `preload=true` must be used only for core services (service=com.jetbrains.rdserver.statistics.BackendStatisticsManager, plugin=com.jetbrains.codeWithMe)
2024-02-18 10:57:33,606 [    658]   WARN - #c.i.s.ComponentManagerImpl - com.intellij.psi.search.FilenameIndex initializer requests com.intellij.ide.plugins.PluginUtil instance
2024-02-18 10:57:33,927 [    979]   WARN - #c.i.s.ComponentManagerImpl - com.intellij.lang.javascript.psi.jsdoc.impl.JSDocCustomTags initializer requests com.intellij.lang.javascript.JSDisposable instance
2024-02-18 10:57:34,084 [   1136]   WARN - #c.i.i.u.l.LafManagerImpl - VersionControl.Log.Commit.rowHeight = null in LookAndFeelThemeAdapter; it may lead to performance degradation
2024-02-18 10:57:34,134 [   1186]   WARN - #c.i.o.e.c.i.EditorColorsManagerImpl - Cannot find scheme: Monokai from plugins: com.intellij.lang.jsgraphql
2024-02-18 10:57:34,444 [   1496]   WARN - #c.i.s.ComponentManagerImpl - org.jetbrains.kotlin.idea.gradleJava.scripting.roots.GradleBuildRootDataSerializer initializer requests com.intellij.util.gist.storage.GistStorage instance
2024-02-18 10:57:34,968 [   2020]   WARN - #c.i.s.ComponentManagerImpl - com.intellij.psi.LanguageSubstitutors initializer requests com.intellij.psi.LanguageSubstitutors instance
2024-02-18 10:57:34,970 [   2022]   WARN - #c.i.s.ComponentManagerImpl - org.zmlx.hg4idea.provider.HgChangeProvider initializer requests com.intellij.openapi.vcs.FileStatusFactory instance
2024-02-18 10:57:35,571 [   2623]   WARN - #c.i.o.v.n.p.d.e.DurableEnumeratorFactory - [enumerator.mmapped]: .valueToId map is out-of-sync with .valuesLog data -> rebuilding it
2024-02-18 10:57:35,806 [   2858]   WARN - #o.j.p.t.TextMateService - Cannot find referenced file `./language-configuration.json` in bundle `/home/aho/.local/share/JetBrains/Toolbox/apps/intellij-idea-ultimate/plugins/textmate/lib/bundles/mdx`
2024-02-18 10:57:35,944 [   2996]   WARN - #c.i.o.a.i.ActionUpdater - 382 ms to grab EDT for ToolWindowHeader$2#Update@ToolwindowTitle (com.intellij.toolWindow.ToolWindowHeader$2)
2024-02-18 10:57:36,016 [   3068]   WARN - #c.i.u.x.Binding - no accessors for com.intellij.openapi.roots.libraries.DummyLibraryProperties
2024-02-18 10:57:36,992 [   4044]   WARN - #c.i.i.s.p.i.BundledSharedIndexPostStartupActivity - Skipped 1 pre-built shared indexes: bundled-js-predefined-1d06a55b98c1-c44b541a36ca-JavaScript-IU-233.13135.103
2024-02-18 10:57:37,344 [   4396]   WARN - #c.i.s.ComponentManagerImpl - com.intellij.database.console.session.DatabaseSessionManager initializer requests com.intellij.database.console.session.DatabaseSessionViewService instance
2024-02-18 10:57:37,450 [   4502]   WARN - #c.i.o.a.i.ActionUpdater - 338 ms to grab EDT for FontEditorPreview$RestorePreviewTextAction#Update@ContextToolbar (com.intellij.application.options.colors.FontEditorPreview$RestorePreviewTextAction)
2024-02-18 10:57:37,450 [   4502]   WARN - #c.i.o.a.i.ActionUpdater - 338 ms to grab EDT for FontEditorPreview$ToggleBoldFontAction#Update@ContextToolbar (com.intellij.application.options.colors.FontEditorPreview$ToggleBoldFontAction)
2024-02-18 10:57:39,464 [   6516]   WARN - #c.i.o.a.i.ActionUpdater - 1078 ms to call on BGT LocalHistoryGroup#Update@MainMenu (com.intellij.history.integration.ui.actions.LocalHistoryGroup)
2024-02-18 10:57:42,026 [   9078]   WARN - #c.i.o.a.i.ActionUpdater - 2294 ms to call on BGT LocalHistoryGroup#Update@MainMenu (com.intellij.history.integration.ui.actions.LocalHistoryGroup)
2024-02-18 10:57:42,334 [   9386]   WARN - #c.i.o.a.i.Utils - 2875 ms to fillMenu@MainMenu
2024-02-18 10:57:42,334 [   9386]   WARN - #c.i.o.a.i.Utils - 4555 ms to fillMenu@MainMenu
2024-02-18 10:58:02,938 [  29990]   WARN - #c.i.i.s.p.i.BundledSharedIndexPostStartupActivity - Skipped 1 pre-built shared indexes: bundled-js-predefined-1d06a55b98c1-c44b541a36ca-JavaScript-IU-233.13135.103
2024-02-18 10:58:03,625 [  30677]   WARN - #o.j.i.maven - Trying to add the same listener twice
2024-02-18 10:58:03,643 [  30695]   WARN - #o.j.i.maven - updateAllMavenProjects started: false true false
2024-02-18 10:58:05,409 [  32461]   WARN - #c.i.u.x.Binding - no accessors for org.jetbrains.idea.maven.project.MavenHomeType
2024-02-18 10:58:05,591 [  32643] SEVERE - #c.i.u.c.QueueProcessor - Storage for [/home/aho/.cache/JetBrains/IntelliJIdea2023.3/data-source/29eb3d23/5a53c7bc-8d06-45c2-a35c-ce05c0ecc849/entities/entities.dat] is already registered
java.lang.IllegalStateException: Storage for [/home/aho/.cache/JetBrains/IntelliJIdea2023.3/data-source/29eb3d23/5a53c7bc-8d06-45c2-a35c-ce05c0ecc849/entities/entities.dat] is already registered
	at com.intellij.util.io.FilePageCache.registerPagedFileStorage(FilePageCache.java:410)
	at com.intellij.util.io.PagedFileStorage.<init>(PagedFileStorage.java:72)
	at com.intellij.util.io.ResizeableMappedFile.<init>(ResizeableMappedFile.java:55)
	at com.intellij.util.io.PersistentBTreeEnumerator.<init>(PersistentBTreeEnumerator.java:128)
	at com.intellij.util.io.PersistentEnumerator.createDefaultEnumerator(PersistentEnumerator.java:52)
	at com.intellij.util.io.PersistentMapImpl.<init>(PersistentMapImpl.java:165)
	at com.intellij.util.io.PersistentMapImpl.<init>(PersistentMapImpl.java:140)
	at com.intellij.util.io.PersistentMapBuilder.buildImplementation(PersistentMapBuilder.java:88)
	at com.intellij.util.io.PersistentMapBuilder.build(PersistentMapBuilder.java:71)
	at com.intellij.database.model.ModelEntityStoragePersistentBackend.opened(ModelEntityStoragePersistentBackend.kt:136)
	at com.intellij.database.model.ModelEntityStoragePersistentBackend.getDataObject(ModelEntityStoragePersistentBackend.kt:147)
	at com.intellij.database.model.ModelEntityStorage.getDataObject(ModelEntityStorage.java:45)
	at com.intellij.database.model.BaseModel$BaseElement.loadEntity(BaseModel.java:670)
	at com.intellij.database.model.BaseModel$BaseElement.getData(BaseModel.java:659)
	at com.intellij.database.model.BaseModel$BaseElement.getDelegate(BaseModel.java:749)
	at com.intellij.database.dialects.postgres.model.PgImplModel$LocalTable.exportProperties(PgImplModel.java:19037)
	at com.intellij.database.model.serialization.ModelExporter.exportElementProperties(ModelExporter.java:97)
	at com.intellij.database.model.serialization.ModelExporter.exportElement(ModelExporter.java:87)
	at com.intellij.database.model.serialization.ModelExporter.exportModel(ModelExporter.java:56)
	at com.intellij.database.model.serialization.ModelExporter.lambda$saveModel$0(ModelExporter.java:42)
	at com.intellij.database.model.BaseModel.read(BaseModel.java:124)
	at com.intellij.database.model.serialization.ModelExporter.saveModel(ModelExporter.java:42)
	at com.intellij.database.model.serialization.ModelSerializerKt.serialize(ModelSerializer.kt:19)
	at com.intellij.database.model.serialization.ModelSerializerKt.serialize(ModelSerializer.kt:11)
	at com.intellij.database.dataSource.DataSourceModelStorageImpl$Companion.writeModel$lambda$0(DataSourceModelStorageImpl.kt:513)
	at com.intellij.database.dataSource.DataSourceModelStorageImpl$Companion.writeHugeFileSafe(DataSourceModelStorageImpl.kt:525)
	at com.intellij.database.dataSource.DataSourceModelStorageImpl$Companion.writeModel(DataSourceModelStorageImpl.kt:507)
	at com.intellij.database.dataSource.DataSourceModelStorageImpl$Companion.writeModel(DataSourceModelStorageImpl.kt:501)
	at com.intellij.database.dataSource.DataSourceModelStorageImpl$Companion.access$writeModel(DataSourceModelStorageImpl.kt:461)
	at com.intellij.database.dataSource.DataSourceModelStorageImpl.writeModel(DataSourceModelStorageImpl.kt:339)
	at com.intellij.database.dataSource.DataSourceModelStorageImpl$createSavingListener$SavingListener.save(DataSourceModelStorageImpl.kt:446)
	at com.intellij.database.dataSource.DataSourceModelStorageImpl$createSavingListener$SavingListener.saveDataSource$lambda$1(DataSourceModelStorageImpl.kt:436)
	at com.intellij.util.ui.update.Update$1.run(Update.java:147)
	at com.intellij.util.concurrency.ChildContext$runAsCoroutine$1.invoke(propagation.kt:81)
	at com.intellij.util.concurrency.ChildContext$runAsCoroutine$1.invoke(propagation.kt:81)
	at com.intellij.util.concurrency.ChildContext.runAsCoroutine(propagation.kt:86)
	at com.intellij.util.concurrency.ChildContext.runAsCoroutine(propagation.kt:81)
	at com.intellij.util.ui.update.Update.runUpdate(Update.java:113)
	at com.intellij.util.ui.update.MergingUpdateQueue.execute(MergingUpdateQueue.java:348)
	at com.intellij.util.ui.update.MergingUpdateQueue.execute(MergingUpdateQueue.java:338)
	at com.intellij.util.ui.update.MergingUpdateQueue.doFlush(MergingUpdateQueue.java:295)
	at com.intellij.util.ui.update.MergingUpdateQueue.flush(MergingUpdateQueue.java:277)
	at com.intellij.util.ui.update.MergingUpdateQueue.run(MergingUpdateQueue.java:246)
	at com.intellij.util.concurrency.ChildContext$runAsCoroutine$1.invoke(propagation.kt:81)
	at com.intellij.util.concurrency.ChildContext$runAsCoroutine$1.invoke(propagation.kt:81)
	at com.intellij.util.concurrency.ChildContext.runAsCoroutine(propagation.kt:86)
	at com.intellij.util.concurrency.ChildContext.runAsCoroutine(propagation.kt:81)
	at com.intellij.util.Alarm$Request.lambda$runSafely$0(Alarm.java:369)
	at com.intellij.util.concurrency.QueueProcessor.runSafely(QueueProcessor.java:253)
	at com.intellij.util.Alarm$Request.runSafely(Alarm.java:369)
	at com.intellij.util.Alarm$Request.run(Alarm.java:356)
	at com.intellij.util.concurrency.Propagation.contextAwareCallable$lambda$2(propagation.kt:357)
	at java.base/java.util.concurrent.FutureTask.run(FutureTask.java:264)
	at com.intellij.util.concurrency.SchedulingWrapper$MyScheduledFutureTask.run(SchedulingWrapper.java:272)
	at com.intellij.util.concurrency.BoundedTaskExecutor.doRun(BoundedTaskExecutor.java:244)
	at com.intellij.util.concurrency.BoundedTaskExecutor.access$200(BoundedTaskExecutor.java:30)
	at com.intellij.util.concurrency.BoundedTaskExecutor$1.executeFirstTaskAndHelpQueue(BoundedTaskExecutor.java:222)
	at com.intellij.util.ConcurrencyUtil.runUnderThreadName(ConcurrencyUtil.java:218)
	at com.intellij.util.concurrency.BoundedTaskExecutor$1.run(BoundedTaskExecutor.java:210)
	at java.base/java.util.concurrent.ThreadPoolExecutor.runWorker(ThreadPoolExecutor.java:1136)
	at java.base/java.util.concurrent.ThreadPoolExecutor$Worker.run(ThreadPoolExecutor.java:635)
	at java.base/java.util.concurrent.Executors$PrivilegedThreadFactory$1$1.run(Executors.java:702)
	at java.base/java.util.concurrent.Executors$PrivilegedThreadFactory$1$1.run(Executors.java:699)
	at java.base/java.security.AccessController.doPrivileged(AccessController.java:399)
	at java.base/java.util.concurrent.Executors$PrivilegedThreadFactory$1.run(Executors.java:699)
	at java.base/java.lang.Thread.run(Thread.java:840)
	Suppressed: java.lang.Exception: Storage[/home/aho/.cache/JetBrains/IntelliJIdea2023.3/data-source/29eb3d23/5a53c7bc-8d06-45c2-a35c-ce05c0ecc849/entities/entities.dat] registration stack trace
		at com.intellij.util.io.FilePageCache.registerPagedFileStorage(FilePageCache.java:437)
		at com.intellij.util.io.PagedFileStorage.<init>(PagedFileStorage.java:72)
		at com.intellij.util.io.ResizeableMappedFile.<init>(ResizeableMappedFile.java:55)
		at com.intellij.util.io.PersistentBTreeEnumerator.<init>(PersistentBTreeEnumerator.java:128)
		at com.intellij.util.io.PersistentEnumerator.createDefaultEnumerator(PersistentEnumerator.java:52)
		at com.intellij.util.io.PersistentMapImpl.<init>(PersistentMapImpl.java:165)
		at com.intellij.util.io.PersistentMapImpl.<init>(PersistentMapImpl.java:140)
		at com.intellij.util.io.PersistentMapBuilder.buildImplementation(PersistentMapBuilder.java:88)
		at com.intellij.util.io.PersistentMapBuilder.build(PersistentMapBuilder.java:71)
		at com.intellij.database.model.ModelEntityStoragePersistentBackend.opened(ModelEntityStoragePersistentBackend.kt:136)
		at com.intellij.database.model.ModelEntityStoragePersistentBackend.<init>(ModelEntityStoragePersistentBackend.kt:87)
		at com.intellij.database.model.ModelEntityStoragePersistentBackendKt$ourFlusher$1$create$1.invoke(ModelEntityStoragePersistentBackend.kt:47)
		at com.intellij.database.model.ModelEntityStoragePersistentBackendKt$ourFlusher$1$create$1.invoke(ModelEntityStoragePersistentBackend.kt:47)
		at com.intellij.database.model.ModelEntityStoragePersistentBackendKt$ourFlusher$1.create$lambda$0(ModelEntityStoragePersistentBackend.kt:47)
		at java.base/java.util.concurrent.ConcurrentMap.computeIfAbsent(ConcurrentMap.java:330)
		at com.intellij.database.model.ModelEntityStoragePersistentBackendKt$ourFlusher$1.create(ModelEntityStoragePersistentBackend.kt:47)
		at com.intellij.database.model.ModelEntityStoragePersistentBackendKt.create(ModelEntityStoragePersistentBackend.kt:78)
		at com.intellij.database.dataSource.srcStorage.DbSrcModelStorage.createBackend(DbSrcModelStorage.java:298)
		at com.intellij.database.dataSource.srcStorage.DbSrcModelStorage.createPersistentBackend(DbSrcModelStorage.java:288)
		at com.intellij.database.dataSource.srcStorage.DbSrcModelStorage.createEntityStorage(DbSrcModelStorage.java:267)
		at com.intellij.database.model.BaseModel.<init>(BaseModel.java:105)
		at com.intellij.database.dialects.postgres.model.PgImplModel.<init>(PgImplModel.java:47)
		at com.intellij.database.model.meta.BasicMetaModel.newModel(BasicMetaModel.java:60)
		at com.intellij.database.model.ModelFacade.createModel(ModelFacade.java:31)
		at com.intellij.database.model.ModelFactory.createModel(ModelFactory.kt:22)
		at com.intellij.database.model.serialization.ModelImporter.deserializeFast(ModelImporter.java:89)
		at com.intellij.database.model.serialization.ModelImporter.deserialize(ModelImporter.java:65)
		at com.intellij.database.dataSource.DataSourceModelStorageImpl$Companion.readModel(DataSourceModelStorageImpl.kt:579)
		at com.intellij.database.dataSource.DataSourceModelStorageImpl$Companion.readModel(DataSourceModelStorageImpl.kt:562)
		at com.intellij.database.dataSource.DataSourceModelStorageImpl.readModel(DataSourceModelStorageImpl.kt:354)
		at com.intellij.database.dataSource.DataSourceModelStorageImpl.loadModels(DataSourceModelStorageImpl.kt:246)
		at com.intellij.database.dataSource.DataSourceModelStorageImpl.readStateHeavy(DataSourceModelStorageImpl.kt:150)
		at com.intellij.database.dataSource.DataSourceModelStorageImpl.continueLoadingWhenInitialized$lambda$6$lambda$5$lambda$4$lambda$3(DataSourceModelStorageImpl.kt:136)
		at com.intellij.openapi.progress.util.BackgroundTaskUtil.lambda$runUnderDisposeAwareIndicator$15(BackgroundTaskUtil.java:371)
		at com.intellij.openapi.progress.impl.CoreProgressManager.lambda$runProcess$1(CoreProgressManager.java:192)
		at com.intellij.openapi.progress.impl.CoreProgressManager.lambda$executeProcessUnderProgress$12(CoreProgressManager.java:610)
		at com.intellij.openapi.progress.impl.CoreProgressManager.registerIndicatorAndRun(CoreProgressManager.java:685)
		at com.intellij.openapi.progress.impl.CoreProgressManager.computeUnderProgress(CoreProgressManager.java:641)
		at com.intellij.openapi.progress.impl.CoreProgressManager.executeProcessUnderProgress(CoreProgressManager.java:609)
		at com.intellij.openapi.progress.impl.ProgressManagerImpl.executeProcessUnderProgress(ProgressManagerImpl.java:78)
		at com.intellij.openapi.progress.impl.CoreProgressManager.runProcess(CoreProgressManager.java:179)
		at com.intellij.openapi.progress.util.BackgroundTaskUtil.runUnderDisposeAwareIndicator(BackgroundTaskUtil.java:366)
		at com.intellij.openapi.progress.util.BackgroundTaskUtil.runUnderDisposeAwareIndicator(BackgroundTaskUtil.java:349)
		at com.intellij.database.dataSource.DataSourceModelStorageImpl.continueLoadingWhenInitialized$lambda$6$lambda$5$lambda$4(DataSourceModelStorageImpl.kt:136)
		at com.intellij.database.util.AsyncTask$Frame$compute$$inlined$supply$1$1.run(AsyncTask.kt:647)
		at com.intellij.openapi.progress.impl.CoreProgressManager.lambda$executeProcessUnderProgress$12(CoreProgressManager.java:610)
		at com.intellij.openapi.progress.impl.CoreProgressManager.registerIndicatorAndRun(CoreProgressManager.java:685)
		at com.intellij.openapi.progress.impl.CoreProgressManager.computeUnderProgress(CoreProgressManager.java:641)
		at com.intellij.openapi.progress.impl.CoreProgressManager.executeProcessUnderProgress(CoreProgressManager.java:609)
		at com.intellij.openapi.progress.impl.ProgressManagerImpl.executeProcessUnderProgress(ProgressManagerImpl.java:78)
		at com.intellij.database.util.AsyncTask$Frame$compute$$inlined$supply$1.get(AsyncTask.kt:672)
		at java.base/java.util.concurrent.CompletableFuture$AsyncSupply.run(CompletableFuture.java:1768)
		at com.intellij.openapi.application.impl.ApplicationImpl$2.run(ApplicationImpl.java:249)
		at java.base/java.util.concurrent.Executors$RunnableAdapter.call(Executors.java:539)
		at com.intellij.util.concurrency.ContextCallable.call(ContextCallable.java:32)
		at java.base/java.util.concurrent.FutureTask.run(FutureTask.java:264)
		at com.intellij.util.concurrency.ContextRunnable.run(ContextRunnable.java:27)
		... 7 more
2024-02-18 10:58:05,601 [  32653] SEVERE - #c.i.u.c.QueueProcessor - IntelliJ IDEA 2023.3.2  Build #IU-233.13135.103
2024-02-18 10:58:05,601 [  32653] SEVERE - #c.i.u.c.QueueProcessor - JDK: 17.0.9; VM: OpenJDK 64-Bit Server VM; Vendor: JetBrains s.r.o.
2024-02-18 10:58:05,601 [  32653] SEVERE - #c.i.u.c.QueueProcessor - OS: Linux
2024-02-18 10:58:05,603 [  32655] SEVERE - #c.i.u.c.QueueProcessor - Last Action: CloseProject
2024-02-18 10:58:06,802 [  33854]   WARN - #o.j.i.maven - updateAllMavenProjects finished: false true false
2024-02-18 10:58:22,454 [  49506]   WARN - #o.j.k.i.s.r.KotlinCompilerReferenceIndexStorage - kotlin-data-container is not found
2024-02-18 10:58:36,263 [  63315]   WARN - #c.i.s.ComponentManagerImpl - com.intellij.psi.codeStyle.CodeStyleSettingsCustomizable initializer requests com.intellij.util.LocaleSensitiveApplicationCacheService instance
2024-02-18 11:01:09,359 [ 216411]   WARN - #c.i.i.s.p.i.BundledSharedIndexPostStartupActivity - Skipped 1 pre-built shared indexes: bundled-js-predefined-1d06a55b98c1-c44b541a36ca-JavaScript-IU-233.13135.103
2024-02-18 11:01:09,700 [ 216752]   WARN - #c.i.i.n.ide - Data rule [navigationBarItem] returned invalid context item of type [class com.intellij.psi.impl.source.PsiMethodImpl]
2024-02-18 11:08:12,860 [ 639912]   WARN - #c.i.d.i.DockerDefaultImageSearchResultProvider - Unexpected end-of-input: was expecting closing quote for a string value
 at [Source: (String)"{"Containers":"N/A","CreatedAt":"2023-07-26 14:19:49 +0"; line: 1, column: 56]
com.fasterxml.jackson.core.io.JsonEOFException: Unexpected end-of-input: was expecting closing quote for a string value
 at [Source: (String)"{"Containers":"N/A","CreatedAt":"2023-07-26 14:19:49 +0"; line: 1, column: 56]
	at com.fasterxml.jackson.core.base.ParserMinimalBase._reportInvalidEOF(ParserMinimalBase.java:697)
	at com.fasterxml.jackson.core.json.ReaderBasedJsonParser._finishString2(ReaderBasedJsonParser.java:2219)
	at com.fasterxml.jackson.core.json.ReaderBasedJsonParser._finishString(ReaderBasedJsonParser.java:2206)
	at com.fasterxml.jackson.core.json.ReaderBasedJsonParser.getTextCharacters(ReaderBasedJsonParser.java:431)
	at com.fasterxml.jackson.databind.util.TokenBuffer._copyBufferValue(TokenBuffer.java:1256)
	at com.fasterxml.jackson.databind.util.TokenBuffer.copyCurrentStructure(TokenBuffer.java:1194)
	at com.fasterxml.jackson.databind.deser.BeanDeserializer._deserializeUsingPropertyBased(BeanDeserializer.java:519)
	at com.fasterxml.jackson.databind.deser.BeanDeserializerBase.deserializeFromObjectUsingNonDefault(BeanDeserializerBase.java:1409)
	at com.fasterxml.jackson.databind.deser.BeanDeserializer.deserializeFromObject(BeanDeserializer.java:352)
	at com.fasterxml.jackson.databind.deser.BeanDeserializer.deserialize(BeanDeserializer.java:185)
	at com.fasterxml.jackson.databind.deser.DefaultDeserializationContext.readRootValue(DefaultDeserializationContext.java:323)
	at com.fasterxml.jackson.databind.ObjectMapper._readMapAndClose(ObjectMapper.java:4825)
	at com.fasterxml.jackson.databind.ObjectMapper.readValue(ObjectMapper.java:3772)
	at com.fasterxml.jackson.databind.ObjectMapper.readValue(ObjectMapper.java:3755)
	at com.intellij.docker.agent.util.DockerJsonUtilsKt.mapJsonTo(dockerJsonUtils.kt:21)
	at com.intellij.docker.image.DockerLocalImageSearchResultProvider$forEachSearchResult$2$images$1.invoke(DockerLocalImageSearchResultProvider.kt:43)
	at com.intellij.docker.image.DockerLocalImageSearchResultProvider$forEachSearchResult$2$images$1.invoke(DockerLocalImageSearchResultProvider.kt:19)
	at com.intellij.docker.agent.cli.Cli.makePromise$lambda$3(Cli.kt:94)
	at java.base/java.util.concurrent.CompletableFuture$AsyncSupply.run(CompletableFuture.java:1768)
	at java.base/java.util.concurrent.ThreadPoolExecutor.runWorker(ThreadPoolExecutor.java:1136)
	at java.base/java.util.concurrent.ThreadPoolExecutor$Worker.run(ThreadPoolExecutor.java:635)
	at java.base/java.util.concurrent.Executors$PrivilegedThreadFactory$1$1.run(Executors.java:702)
	at java.base/java.util.concurrent.Executors$PrivilegedThreadFactory$1$1.run(Executors.java:699)
	at java.base/java.security.AccessController.doPrivileged(AccessController.java:399)
	at java.base/java.util.concurrent.Executors$PrivilegedThreadFactory$1.run(Executors.java:699)
	at java.base/java.lang.Thread.run(Thread.java:840)
2024-02-18 11:10:13,476 [ 760528]   WARN - #git4idea.annotate.GitAnnotationProvider - Git annotations are empty for file /home/aho/Workspace/ev/property-engine/backend/e2e/flyway.env in revision 4ea5eb17306111037b2e7ce432678d0eee43387c
2024-02-18 11:12:02,206 [ 869258]   WARN - #c.i.i.b.BrowserLauncherAppless - Cannot run program "google-chrome": error=2, No such file or directory
com.intellij.execution.process.ProcessNotCreatedException: Cannot run program "google-chrome": error=2, No such file or directory
	at com.intellij.execution.configurations.GeneralCommandLine.createProcess(GeneralCommandLine.java:358)
	at com.intellij.execution.process.OSProcessHandler.startProcess(OSProcessHandler.java:84)
	at com.intellij.execution.process.OSProcessHandler.<init>(OSProcessHandler.java:44)
	at com.intellij.execution.process.CapturingProcessHandler.<init>(CapturingProcessHandler.java:20)
	at com.intellij.execution.process.CapturingProcessHandler$Silent.<init>(CapturingProcessHandler.java:82)
	at com.intellij.ide.browsers.BrowserLauncherAppless$spawn$2.invokeSuspend(BrowserLauncherAppless.kt:216)
	at kotlin.coroutines.jvm.internal.BaseContinuationImpl.resumeWith(ContinuationImpl.kt:33)
	at kotlinx.coroutines.DispatchedTask.run(DispatchedTask.kt:108)
	at kotlinx.coroutines.internal.LimitedDispatcher$Worker.run(LimitedDispatcher.kt:115)
	at kotlinx.coroutines.scheduling.TaskImpl.run(Tasks.kt:103)
	at kotlinx.coroutines.scheduling.CoroutineScheduler.runSafely(CoroutineScheduler.kt:584)
	at kotlinx.coroutines.scheduling.CoroutineScheduler$Worker.executeTask(CoroutineScheduler.kt:793)
	at kotlinx.coroutines.scheduling.CoroutineScheduler$Worker.runWorker(CoroutineScheduler.kt:697)
	at kotlinx.coroutines.scheduling.CoroutineScheduler$Worker.run(CoroutineScheduler.kt:684)
Caused by: java.io.IOException: Cannot run program "google-chrome": error=2, No such file or directory
	at java.base/java.lang.ProcessBuilder.start(ProcessBuilder.java:1143)
	at java.base/java.lang.ProcessBuilder.start(ProcessBuilder.java:1073)
	at com.intellij.execution.configurations.GeneralCommandLine.createProcess(GeneralCommandLine.java:470)
	at com.intellij.execution.configurations.GeneralCommandLine.startProcess(GeneralCommandLine.java:443)
	at com.intellij.execution.configurations.GeneralCommandLine.createProcess(GeneralCommandLine.java:348)
	... 13 more
Caused by: java.io.IOException: error=2, No such file or directory
	at java.base/java.lang.ProcessImpl.forkAndExec(Native Method)
	at java.base/java.lang.ProcessImpl.<init>(ProcessImpl.java:314)
	at java.base/java.lang.ProcessImpl.start(ProcessImpl.java:244)
	at java.base/java.lang.ProcessBuilder.start(ProcessBuilder.java:1110)
	... 17 more
2024-02-18 11:20:38,662 [1385714]   WARN - org.apache.velocity.deprecation - configuration key 'resource.loader' has been deprecated in favor of 'resource.loaders'
2024-02-18 11:20:38,678 [1385730]   WARN - org.apache.velocity.deprecation - configuration key 'includes.resource.loader.instance' has been deprecated in favor of 'resource.loader.includes.instance'
2024-02-18 11:20:44,550 [1391602]   WARN - #c.i.o.o.e.ConfigurableExtensionPointUtil - ignore deprecated groupId: language for id: preferences.language.Kotlin.scripting
2024-02-18 11:21:35,508 [1442560]   WARN - org.apache.velocity.deprecation - configuration key 'resource.loader' has been deprecated in favor of 'resource.loaders'
2024-02-18 11:21:35,509 [1442561]   WARN - org.apache.velocity.deprecation - configuration key 'includes.resource.loader.class' has been deprecated in favor of 'resource.loader.includes.class'
2024-02-18 11:28:05,553 [1832605] SEVERE - #c.i.p.s.StubProcessingHelperBase - Stub index points to a file without PSI: file = jrt:///home/aho/.sdkman/candidates/java/21.0.1-tem!/java.base/java/lang/invoke/LambdaForm$Holder.class, file type = com.intellij.ide.highlighter.JavaClassFileType@3dff0aa5, indexed file type = com.intellij.ide.highlighter.JavaClassFileType@3dff0aa5, indexing stamp info = null, used scope = com.intellij.psi.impl.search.JavaSourceFilterScope[Module-with-dependencies:demo compile-only:true include-libraries:true include-other-modules:true include-tests:false]
java.lang.Throwable: Stub index points to a file without PSI: file = jrt:///home/aho/.sdkman/candidates/java/21.0.1-tem!/java.base/java/lang/invoke/LambdaForm$Holder.class, file type = com.intellij.ide.highlighter.JavaClassFileType@3dff0aa5, indexed file type = com.intellij.ide.highlighter.JavaClassFileType@3dff0aa5, indexing stamp info = null, used scope = com.intellij.psi.impl.search.JavaSourceFilterScope[Module-with-dependencies:demo compile-only:true include-libraries:true include-other-modules:true include-tests:false]
	at com.intellij.openapi.diagnostic.Logger.error(Logger.java:376)
	at com.intellij.psi.stubs.StubProcessingHelperBase.processStubsInFile(StubProcessingHelperBase.java:41)
	at com.intellij.psi.stubs.StubIndexEx.lambda$processElements$5(StubIndexEx.java:152)
	at com.intellij.psi.stubs.StubIndexEx.processElements(StubIndexEx.java:202)
	at com.intellij.psi.stubs.StubIndex.getElements(StubIndex.java:102)
	at com.intellij.psi.stubs.StubIndex.getElements(StubIndex.java:90)
	at com.intellij.psi.impl.java.stubs.index.JavaShortClassNameIndex.getClasses(JavaShortClassNameIndex.java:43)
	at com.intellij.psi.impl.PsiShortNamesCacheImpl.getClassesByName(PsiShortNamesCacheImpl.java:49)
	at com.intellij.psi.impl.CompositeShortNamesCache.getClassesByName(CompositeShortNamesCache.java:68)
	at com.intellij.psi.impl.search.AllClassesSearchExecutor.lambda$processByName$3(AllClassesSearchExecutor.java:80)
	at com.intellij.openapi.project.DumbService.runReadActionInSmartMode$lambda$0(DumbService.kt:77)
	at com.intellij.openapi.project.DumbService.runReadActionInSmartMode(DumbService.kt:117)
	at com.intellij.openapi.project.DumbService.runReadActionInSmartMode(DumbService.kt:77)
	at com.intellij.psi.impl.search.AllClassesSearchExecutor.processByName(AllClassesSearchExecutor.java:80)
	at com.intellij.psi.impl.search.AllClassesSearchExecutor.processClassesByNames(AllClassesSearchExecutor.java:70)
	at com.intellij.codeInsight.completion.AllClassesGetter.processJavaClasses(AllClassesGetter.java:137)
	at com.intellij.codeInsight.completion.JavaClassNameCompletionContributor.addAllClasses(JavaClassNameCompletionContributor.java:182)
	at com.intellij.codeInsight.completion.JavaNoVariantsDelegator.suggestNonImportedClasses(JavaNoVariantsDelegator.java:258)
	at com.intellij.codeInsight.completion.JavaNoVariantsDelegator.fillCompletionVariants(JavaNoVariantsDelegator.java:65)
	at com.intellij.codeInsight.completion.CompletionService.getVariantsFromContributor(CompletionService.java:81)
	at com.intellij.codeInsight.completion.impl.CompletionServiceImpl.lambda$getVariantsFromContributor$0(CompletionServiceImpl.java:327)
	at com.intellij.platform.diagnostic.telemetry.helpers.TraceKt.runWithSpan(trace.kt:80)
	at com.intellij.codeInsight.completion.impl.CompletionServiceImpl.getVariantsFromContributor(CompletionServiceImpl.java:326)
	at com.intellij.codeInsight.completion.CompletionService.getVariantsFromContributors(CompletionService.java:73)
	at com.intellij.codeInsight.completion.CompletionResultSet.runRemainingContributors(CompletionResultSet.java:150)
	at com.intellij.codeInsight.completion.CompletionResultSet.runRemainingContributors(CompletionResultSet.java:142)
	at com.intellij.codeInsight.completion.CompletionResultSet.runRemainingContributors(CompletionResultSet.java:138)
	at com.intellij.codeInsight.template.impl.LiveTemplateCompletionContributor$1.addCompletions(LiveTemplateCompletionContributor.java:87)
	at com.intellij.codeInsight.completion.CompletionProvider.addCompletionVariants(CompletionProvider.java:23)
	at com.intellij.codeInsight.completion.CompletionContributor.fillCompletionVariants(CompletionContributor.java:155)
	at com.intellij.codeInsight.completion.CompletionService.getVariantsFromContributor(CompletionService.java:81)
	at com.intellij.codeInsight.completion.impl.CompletionServiceImpl.lambda$getVariantsFromContributor$0(CompletionServiceImpl.java:327)
	at com.intellij.platform.diagnostic.telemetry.helpers.TraceKt.runWithSpan(trace.kt:80)
	at com.intellij.codeInsight.completion.impl.CompletionServiceImpl.getVariantsFromContributor(CompletionServiceImpl.java:326)
	at com.intellij.codeInsight.completion.CompletionService.getVariantsFromContributors(CompletionService.java:73)
	at com.intellij.codeInsight.completion.CompletionService.getVariantsFromContributors(CompletionService.java:56)
	at com.intellij.codeInsight.completion.CompletionService.performCompletion(CompletionService.java:130)
	at com.intellij.codeInsight.completion.BaseCompletionService.performCompletion(BaseCompletionService.java:48)
	at com.intellij.codeInsight.completion.impl.CompletionServiceImpl.lambda$performCompletion$1(CompletionServiceImpl.java:345)
	at com.intellij.platform.diagnostic.telemetry.helpers.TraceKt.runWithSpan(trace.kt:80)
	at com.intellij.codeInsight.completion.impl.CompletionServiceImpl.performCompletion(CompletionServiceImpl.java:334)
	at com.intellij.codeInsight.completion.CompletionProgressIndicator.lambda$calculateItems$12(CompletionProgressIndicator.java:961)
	at com.intellij.util.indexing.FileBasedIndex.lambda$ignoreDumbMode$0(FileBasedIndex.java:219)
	at com.intellij.openapi.util.RecursionManager$1.computePreventingRecursion(RecursionManager.java:111)
	at com.intellij.util.indexing.FileBasedIndexEx.ignoreDumbMode(FileBasedIndexEx.java:644)
	at com.intellij.util.indexing.FileBasedIndex.ignoreDumbMode(FileBasedIndex.java:218)
	at com.intellij.util.indexing.DumbModeAccessType.ignoreDumbMode(DumbModeAccessType.java:43)
	at com.intellij.codeInsight.completion.CompletionProgressIndicator.calculateItems(CompletionProgressIndicator.java:957)
	at com.intellij.codeInsight.completion.CompletionProgressIndicator.runContributors(CompletionProgressIndicator.java:945)
	at com.intellij.codeInsight.completion.CodeCompletionHandlerBase.lambda$startContributorThread$7(CodeCompletionHandlerBase.java:378)
	at io.opentelemetry.context.Context.lambda$wrap$1(Context.java:212)
	at com.intellij.codeInsight.completion.AsyncCompletion.lambda$tryReadOrCancel$5(CompletionThreading.java:162)
	at com.intellij.openapi.application.impl.ApplicationImpl.tryRunReadAction(ApplicationImpl.java:1075)
	at com.intellij.codeInsight.completion.AsyncCompletion.tryReadOrCancel(CompletionThreading.java:160)
	at com.intellij.codeInsight.completion.CodeCompletionHandlerBase.lambda$startContributorThread$8(CodeCompletionHandlerBase.java:369)
	at io.opentelemetry.context.Context.lambda$wrap$1(Context.java:212)
	at com.intellij.codeInsight.completion.AsyncCompletion.lambda$startThread$0(CompletionThreading.java:85)
	at com.intellij.openapi.progress.impl.CoreProgressManager.lambda$runProcess$1(CoreProgressManager.java:192)
	at com.intellij.openapi.progress.impl.CoreProgressManager.lambda$executeProcessUnderProgress$12(CoreProgressManager.java:610)
	at com.intellij.openapi.progress.impl.CoreProgressManager.registerIndicatorAndRun(CoreProgressManager.java:685)
	at com.intellij.openapi.progress.impl.CoreProgressManager.computeUnderProgress(CoreProgressManager.java:641)
	at com.intellij.openapi.progress.impl.CoreProgressManager.executeProcessUnderProgress(CoreProgressManager.java:609)
	at com.intellij.openapi.progress.impl.ProgressManagerImpl.executeProcessUnderProgress(ProgressManagerImpl.java:78)
	at com.intellij.openapi.progress.impl.CoreProgressManager.runProcess(CoreProgressManager.java:179)
	at com.intellij.codeInsight.completion.AsyncCompletion.lambda$startThread$1(CompletionThreading.java:81)
	at com.intellij.openapi.application.impl.ApplicationImpl$2.run(ApplicationImpl.java:249)
	at java.base/java.util.concurrent.Executors$RunnableAdapter.call(Executors.java:539)
	at java.base/java.util.concurrent.FutureTask.run(FutureTask.java:264)
	at java.base/java.util.concurrent.ThreadPoolExecutor.runWorker(ThreadPoolExecutor.java:1136)
	at java.base/java.util.concurrent.ThreadPoolExecutor$Worker.run(ThreadPoolExecutor.java:635)
	at java.base/java.util.concurrent.Executors$PrivilegedThreadFactory$1$1.run(Executors.java:702)
	at java.base/java.util.concurrent.Executors$PrivilegedThreadFactory$1$1.run(Executors.java:699)
	at java.base/java.security.AccessController.doPrivileged(AccessController.java:399)
	at java.base/java.util.concurrent.Executors$PrivilegedThreadFactory$1.run(Executors.java:699)
	at java.base/java.lang.Thread.run(Thread.java:840)
2024-02-18 11:28:05,555 [1832607] SEVERE - #c.i.p.s.StubProcessingHelperBase - IntelliJ IDEA 2023.3.2  Build #IU-233.13135.103
2024-02-18 11:28:05,555 [1832607] SEVERE - #c.i.p.s.StubProcessingHelperBase - JDK: 17.0.9; VM: OpenJDK 64-Bit Server VM; Vendor: JetBrains s.r.o.
2024-02-18 11:28:05,555 [1832607] SEVERE - #c.i.p.s.StubProcessingHelperBase - OS: Linux
2024-02-18 11:28:05,555 [1832607] SEVERE - #c.i.p.s.StubProcessingHelperBase - Last Action: EditorLineEndWithSelection
2024-02-18 11:30:14,866 [1961918] SEVERE - #c.i.o.a.TransactionGuardImpl - Write-unsafe context! Model changes are allowed from write-safe contexts only. Please ensure you're using invokeLater/invokeAndWait with a correct modality state (not "any"). See TransactionGuard documentation for details.
  current modality=ModalityState.NON_MODAL
java.lang.Throwable: Write-unsafe context! Model changes are allowed from write-safe contexts only. Please ensure you're using invokeLater/invokeAndWait with a correct modality state (not "any"). See TransactionGuard documentation for details.
  current modality=ModalityState.NON_MODAL
	at com.intellij.openapi.diagnostic.Logger.error(Logger.java:376)
	at com.intellij.openapi.application.TransactionGuardImpl.assertWriteActionAllowed(TransactionGuardImpl.java:136)
	at com.intellij.openapi.fileEditor.impl.FileEditorManagerImpl.openFileImpl4$open(FileEditorManagerImpl.kt:1037)
	at com.intellij.openapi.fileEditor.impl.FileEditorManagerImpl.openFileImpl4$intellij_platform_ide_impl(FileEditorManagerImpl.kt:1050)
	at com.intellij.openapi.fileEditor.impl.FileEditorManagerImpl.openFileImpl2(FileEditorManagerImpl.kt:952)
	at com.intellij.openapi.fileEditor.impl.FileEditorManagerImpl$MyRootListener.replaceEditors(FileEditorManagerImpl.kt:1975)
	at com.intellij.openapi.fileEditor.impl.FileEditorManagerImpl$MyRootListener.access$replaceEditors(FileEditorManagerImpl.kt:1912)
	at com.intellij.openapi.fileEditor.impl.FileEditorManagerImpl$MyRootListener$rootChangedRequests$2$1$1$1.invokeSuspend(FileEditorManagerImpl.kt:1931)
	at kotlin.coroutines.jvm.internal.BaseContinuationImpl.resumeWith(ContinuationImpl.kt:33)
	at kotlinx.coroutines.DispatchedTask.run(DispatchedTask.kt:108)
	at com.intellij.openapi.application.TransactionGuardImpl$1.run(TransactionGuardImpl.java:194)
	at com.intellij.openapi.application.impl.ApplicationImpl.runIntendedWriteActionOnCurrentThread(ApplicationImpl.java:843)
	at com.intellij.openapi.application.impl.ApplicationImpl$4.run(ApplicationImpl.java:463)
	at com.intellij.openapi.application.impl.RwLockHolder.runWithEnabledImplicitRead(RwLockHolder.kt:75)
	at com.intellij.openapi.application.impl.RwLockHolder.runWithImplicitRead(RwLockHolder.kt:67)
	at com.intellij.openapi.application.impl.ApplicationImpl.runWithImplicitRead(ApplicationImpl.java:1436)
	at com.intellij.openapi.application.impl.FlushQueue.doRun(FlushQueue.java:82)
	at com.intellij.openapi.application.impl.FlushQueue.runNextEvent(FlushQueue.java:124)
	at com.intellij.openapi.application.impl.FlushQueue.flushNow(FlushQueue.java:44)
	at java.desktop/java.awt.event.InvocationEvent.dispatch(InvocationEvent.java:318)
	at java.desktop/java.awt.EventQueue.dispatchEventImpl(EventQueue.java:792)
	at java.desktop/java.awt.EventQueue$3.run(EventQueue.java:739)
	at java.desktop/java.awt.EventQueue$3.run(EventQueue.java:733)
	at java.base/java.security.AccessController.doPrivileged(AccessController.java:399)
	at java.base/java.security.ProtectionDomain$JavaSecurityAccessImpl.doIntersectionPrivilege(ProtectionDomain.java:86)
	at java.desktop/java.awt.EventQueue.dispatchEvent(EventQueue.java:761)
	at com.intellij.ide.IdeEventQueue.defaultDispatchEvent(IdeEventQueue.kt:695)
	at com.intellij.ide.IdeEventQueue._dispatchEvent$lambda$12(IdeEventQueue.kt:589)
	at com.intellij.openapi.application.impl.RwLockHolder.runWithoutImplicitRead(RwLockHolder.kt:44)
	at com.intellij.ide.IdeEventQueue._dispatchEvent(IdeEventQueue.kt:589)
	at com.intellij.ide.IdeEventQueue.access$_dispatchEvent(IdeEventQueue.kt:72)
	at com.intellij.ide.IdeEventQueue$dispatchEvent$processEventRunnable$1$1$1.compute(IdeEventQueue.kt:355)
	at com.intellij.ide.IdeEventQueue$dispatchEvent$processEventRunnable$1$1$1.compute(IdeEventQueue.kt:354)
	at com.intellij.openapi.progress.impl.CoreProgressManager.computePrioritized(CoreProgressManager.java:793)
	at com.intellij.ide.IdeEventQueue$dispatchEvent$processEventRunnable$1$1.invoke(IdeEventQueue.kt:354)
	at com.intellij.ide.IdeEventQueue$dispatchEvent$processEventRunnable$1$1.invoke(IdeEventQueue.kt:349)
	at com.intellij.ide.IdeEventQueueKt.performActivity$lambda$1(IdeEventQueue.kt:1014)
	at com.intellij.openapi.application.TransactionGuardImpl.performActivity(TransactionGuardImpl.java:106)
	at com.intellij.ide.IdeEventQueueKt.performActivity(IdeEventQueue.kt:1014)
	at com.intellij.ide.IdeEventQueue.dispatchEvent$lambda$7(IdeEventQueue.kt:349)
	at com.intellij.openapi.application.impl.ApplicationImpl.runIntendedWriteActionOnCurrentThread(ApplicationImpl.java:848)
	at com.intellij.ide.IdeEventQueue.dispatchEvent(IdeEventQueue.kt:391)
	at java.desktop/java.awt.EventDispatchThread.pumpOneEventForFilters(EventDispatchThread.java:207)
	at java.desktop/java.awt.EventDispatchThread.pumpEventsForFilter(EventDispatchThread.java:128)
	at java.desktop/java.awt.EventDispatchThread.pumpEventsForHierarchy(EventDispatchThread.java:117)
	at java.desktop/java.awt.EventDispatchThread.pumpEvents(EventDispatchThread.java:113)
	at java.desktop/java.awt.EventDispatchThread.pumpEvents(EventDispatchThread.java:105)
	at java.desktop/java.awt.EventDispatchThread.run(EventDispatchThread.java:92)
2024-02-18 11:30:14,866 [1961918] SEVERE - #c.i.o.a.TransactionGuardImpl - IntelliJ IDEA 2023.3.2  Build #IU-233.13135.103
2024-02-18 11:30:14,867 [1961919] SEVERE - #c.i.o.a.TransactionGuardImpl - JDK: 17.0.9; VM: OpenJDK 64-Bit Server VM; Vendor: JetBrains s.r.o.
2024-02-18 11:30:14,867 [1961919] SEVERE - #c.i.o.a.TransactionGuardImpl - OS: Linux
2024-02-18 11:30:14,867 [1961919] SEVERE - #c.i.o.a.TransactionGuardImpl - Last Action: GotoDeclaration
2024-02-18 11:30:14,874 [1961926] SEVERE - #c.i.o.a.TransactionGuardImpl - Write-unsafe context! Model changes are allowed from write-safe contexts only. Please ensure you're using invokeLater/invokeAndWait with a correct modality state (not "any"). See TransactionGuard documentation for details.
  current modality=ModalityState.NON_MODAL
java.lang.Throwable: Write-unsafe context! Model changes are allowed from write-safe contexts only. Please ensure you're using invokeLater/invokeAndWait with a correct modality state (not "any"). See TransactionGuard documentation for details.
  current modality=ModalityState.NON_MODAL
	at com.intellij.openapi.diagnostic.Logger.error(Logger.java:376)
	at com.intellij.openapi.application.TransactionGuardImpl.assertWriteActionAllowed(TransactionGuardImpl.java:136)
	at com.intellij.openapi.fileEditor.impl.EditorWindow.closeFile$intellij_platform_ide_impl(EditorWindow.kt:590)
	at com.intellij.openapi.fileEditor.impl.EditorWindow.closeFile(EditorWindow.kt:556)
	at com.intellij.openapi.fileEditor.impl.EditorWindow.closeFile(EditorWindow.kt:550)
	at com.intellij.openapi.fileEditor.impl.EditorWindow.defaultCloseFile(EditorWindow.kt:992)
	at com.intellij.openapi.fileEditor.impl.EditorWindow.doTrimSize(EditorWindow.kt:913)
	at com.intellij.openapi.fileEditor.impl.EditorWindow.trimToSize(EditorWindow.kt:877)
	at com.intellij.openapi.fileEditor.impl.EditorWindow.addComposite$intellij_platform_ide_impl(EditorWindow.kt:338)
	at com.intellij.openapi.fileEditor.impl.FileEditorManagerImpl.doOpenInEdtImpl(FileEditorManagerImpl.kt:1124)
	at com.intellij.openapi.fileEditor.impl.FileEditorManagerImpl.openFileImpl4$open(FileEditorManagerImpl.kt:1039)
	at com.intellij.openapi.fileEditor.impl.FileEditorManagerImpl.openFileImpl4$intellij_platform_ide_impl(FileEditorManagerImpl.kt:1050)
	at com.intellij.openapi.fileEditor.impl.FileEditorManagerImpl.openFileImpl2(FileEditorManagerImpl.kt:952)
	at com.intellij.openapi.fileEditor.impl.FileEditorManagerImpl$MyRootListener.replaceEditors(FileEditorManagerImpl.kt:1975)
	at com.intellij.openapi.fileEditor.impl.FileEditorManagerImpl$MyRootListener.access$replaceEditors(FileEditorManagerImpl.kt:1912)
	at com.intellij.openapi.fileEditor.impl.FileEditorManagerImpl$MyRootListener$rootChangedRequests$2$1$1$1.invokeSuspend(FileEditorManagerImpl.kt:1931)
	at kotlin.coroutines.jvm.internal.BaseContinuationImpl.resumeWith(ContinuationImpl.kt:33)
	at kotlinx.coroutines.DispatchedTask.run(DispatchedTask.kt:108)
	at com.intellij.openapi.application.TransactionGuardImpl$1.run(TransactionGuardImpl.java:194)
	at com.intellij.openapi.application.impl.ApplicationImpl.runIntendedWriteActionOnCurrentThread(ApplicationImpl.java:843)
	at com.intellij.openapi.application.impl.ApplicationImpl$4.run(ApplicationImpl.java:463)
	at com.intellij.openapi.application.impl.RwLockHolder.runWithEnabledImplicitRead(RwLockHolder.kt:75)
	at com.intellij.openapi.application.impl.RwLockHolder.runWithImplicitRead(RwLockHolder.kt:67)
	at com.intellij.openapi.application.impl.ApplicationImpl.runWithImplicitRead(ApplicationImpl.java:1436)
	at com.intellij.openapi.application.impl.FlushQueue.doRun(FlushQueue.java:82)
	at com.intellij.openapi.application.impl.FlushQueue.runNextEvent(FlushQueue.java:124)
	at com.intellij.openapi.application.impl.FlushQueue.flushNow(FlushQueue.java:44)
	at java.desktop/java.awt.event.InvocationEvent.dispatch(InvocationEvent.java:318)
	at java.desktop/java.awt.EventQueue.dispatchEventImpl(EventQueue.java:792)
	at java.desktop/java.awt.EventQueue$3.run(EventQueue.java:739)
	at java.desktop/java.awt.EventQueue$3.run(EventQueue.java:733)
	at java.base/java.security.AccessController.doPrivileged(AccessController.java:399)
	at java.base/java.security.ProtectionDomain$JavaSecurityAccessImpl.doIntersectionPrivilege(ProtectionDomain.java:86)
	at java.desktop/java.awt.EventQueue.dispatchEvent(EventQueue.java:761)
	at com.intellij.ide.IdeEventQueue.defaultDispatchEvent(IdeEventQueue.kt:695)
	at com.intellij.ide.IdeEventQueue._dispatchEvent$lambda$12(IdeEventQueue.kt:589)
	at com.intellij.openapi.application.impl.RwLockHolder.runWithoutImplicitRead(RwLockHolder.kt:44)
	at com.intellij.ide.IdeEventQueue._dispatchEvent(IdeEventQueue.kt:589)
	at com.intellij.ide.IdeEventQueue.access$_dispatchEvent(IdeEventQueue.kt:72)
	at com.intellij.ide.IdeEventQueue$dispatchEvent$processEventRunnable$1$1$1.compute(IdeEventQueue.kt:355)
	at com.intellij.ide.IdeEventQueue$dispatchEvent$processEventRunnable$1$1$1.compute(IdeEventQueue.kt:354)
	at com.intellij.openapi.progress.impl.CoreProgressManager.computePrioritized(CoreProgressManager.java:793)
	at com.intellij.ide.IdeEventQueue$dispatchEvent$processEventRunnable$1$1.invoke(IdeEventQueue.kt:354)
	at com.intellij.ide.IdeEventQueue$dispatchEvent$processEventRunnable$1$1.invoke(IdeEventQueue.kt:349)
	at com.intellij.ide.IdeEventQueueKt.performActivity$lambda$1(IdeEventQueue.kt:1014)
	at com.intellij.openapi.application.TransactionGuardImpl.performActivity(TransactionGuardImpl.java:106)
	at com.intellij.ide.IdeEventQueueKt.performActivity(IdeEventQueue.kt:1014)
	at com.intellij.ide.IdeEventQueue.dispatchEvent$lambda$7(IdeEventQueue.kt:349)
	at com.intellij.openapi.application.impl.ApplicationImpl.runIntendedWriteActionOnCurrentThread(ApplicationImpl.java:848)
	at com.intellij.ide.IdeEventQueue.dispatchEvent(IdeEventQueue.kt:391)
	at java.desktop/java.awt.EventDispatchThread.pumpOneEventForFilters(EventDispatchThread.java:207)
	at java.desktop/java.awt.EventDispatchThread.pumpEventsForFilter(EventDispatchThread.java:128)
	at java.desktop/java.awt.EventDispatchThread.pumpEventsForHierarchy(EventDispatchThread.java:117)
	at java.desktop/java.awt.EventDispatchThread.pumpEvents(EventDispatchThread.java:113)
	at java.desktop/java.awt.EventDispatchThread.pumpEvents(EventDispatchThread.java:105)
	at java.desktop/java.awt.EventDispatchThread.run(EventDispatchThread.java:92)
2024-02-18 11:30:14,874 [1961926] SEVERE - #c.i.o.a.TransactionGuardImpl - IntelliJ IDEA 2023.3.2  Build #IU-233.13135.103
2024-02-18 11:30:14,874 [1961926] SEVERE - #c.i.o.a.TransactionGuardImpl - JDK: 17.0.9; VM: OpenJDK 64-Bit Server VM; Vendor: JetBrains s.r.o.
2024-02-18 11:30:14,874 [1961926] SEVERE - #c.i.o.a.TransactionGuardImpl - OS: Linux
2024-02-18 11:30:14,874 [1961926] SEVERE - #c.i.o.a.TransactionGuardImpl - Last Action: GotoDeclaration
2024-02-18 11:30:14,881 [1961933] SEVERE - #c.i.o.a.TransactionGuardImpl - Write-unsafe context! Model changes are allowed from write-safe contexts only. Please ensure you're using invokeLater/invokeAndWait with a correct modality state (not "any"). See TransactionGuard documentation for details.
  current modality=ModalityState.NON_MODAL
java.lang.Throwable: Write-unsafe context! Model changes are allowed from write-safe contexts only. Please ensure you're using invokeLater/invokeAndWait with a correct modality state (not "any"). See TransactionGuard documentation for details.
  current modality=ModalityState.NON_MODAL
	at com.intellij.openapi.diagnostic.Logger.error(Logger.java:376)
	at com.intellij.openapi.application.TransactionGuardImpl.assertWriteActionAllowed(TransactionGuardImpl.java:136)
	at com.intellij.openapi.fileEditor.impl.EditorWindow.closeFile$intellij_platform_ide_impl(EditorWindow.kt:590)
	at com.intellij.openapi.fileEditor.impl.EditorWindow.closeFile$intellij_platform_ide_impl$default(EditorWindow.kt:559)
	at com.intellij.openapi.fileEditor.impl.FileEditorManagerImpl.closeFile$intellij_platform_ide_impl(FileEditorManagerImpl.kt:696)
	at com.intellij.openapi.fileEditor.impl.FileEditorManagerImpl.closeFile(FileEditorManagerImpl.kt:717)
	at com.intellij.openapi.fileEditor.impl.FileEditorManagerImpl$MyRootListener.replaceEditors(FileEditorManagerImpl.kt:1986)
	at com.intellij.openapi.fileEditor.impl.FileEditorManagerImpl$MyRootListener.access$replaceEditors(FileEditorManagerImpl.kt:1912)
	at com.intellij.openapi.fileEditor.impl.FileEditorManagerImpl$MyRootListener$rootChangedRequests$2$1$1$1.invokeSuspend(FileEditorManagerImpl.kt:1931)
	at kotlin.coroutines.jvm.internal.BaseContinuationImpl.resumeWith(ContinuationImpl.kt:33)
	at kotlinx.coroutines.DispatchedTask.run(DispatchedTask.kt:108)
	at com.intellij.openapi.application.TransactionGuardImpl$1.run(TransactionGuardImpl.java:194)
	at com.intellij.openapi.application.impl.ApplicationImpl.runIntendedWriteActionOnCurrentThread(ApplicationImpl.java:843)
	at com.intellij.openapi.application.impl.ApplicationImpl$4.run(ApplicationImpl.java:463)
	at com.intellij.openapi.application.impl.RwLockHolder.runWithEnabledImplicitRead(RwLockHolder.kt:75)
	at com.intellij.openapi.application.impl.RwLockHolder.runWithImplicitRead(RwLockHolder.kt:67)
	at com.intellij.openapi.application.impl.ApplicationImpl.runWithImplicitRead(ApplicationImpl.java:1436)
	at com.intellij.openapi.application.impl.FlushQueue.doRun(FlushQueue.java:82)
	at com.intellij.openapi.application.impl.FlushQueue.runNextEvent(FlushQueue.java:124)
	at com.intellij.openapi.application.impl.FlushQueue.flushNow(FlushQueue.java:44)
	at java.desktop/java.awt.event.InvocationEvent.dispatch(InvocationEvent.java:318)
	at java.desktop/java.awt.EventQueue.dispatchEventImpl(EventQueue.java:792)
	at java.desktop/java.awt.EventQueue$3.run(EventQueue.java:739)
	at java.desktop/java.awt.EventQueue$3.run(EventQueue.java:733)
	at java.base/java.security.AccessController.doPrivileged(AccessController.java:399)
	at java.base/java.security.ProtectionDomain$JavaSecurityAccessImpl.doIntersectionPrivilege(ProtectionDomain.java:86)
	at java.desktop/java.awt.EventQueue.dispatchEvent(EventQueue.java:761)
	at com.intellij.ide.IdeEventQueue.defaultDispatchEvent(IdeEventQueue.kt:695)
	at com.intellij.ide.IdeEventQueue._dispatchEvent$lambda$12(IdeEventQueue.kt:589)
	at com.intellij.openapi.application.impl.RwLockHolder.runWithoutImplicitRead(RwLockHolder.kt:44)
	at com.intellij.ide.IdeEventQueue._dispatchEvent(IdeEventQueue.kt:589)
	at com.intellij.ide.IdeEventQueue.access$_dispatchEvent(IdeEventQueue.kt:72)
	at com.intellij.ide.IdeEventQueue$dispatchEvent$processEventRunnable$1$1$1.compute(IdeEventQueue.kt:355)
	at com.intellij.ide.IdeEventQueue$dispatchEvent$processEventRunnable$1$1$1.compute(IdeEventQueue.kt:354)
	at com.intellij.openapi.progress.impl.CoreProgressManager.computePrioritized(CoreProgressManager.java:793)
	at com.intellij.ide.IdeEventQueue$dispatchEvent$processEventRunnable$1$1.invoke(IdeEventQueue.kt:354)
	at com.intellij.ide.IdeEventQueue$dispatchEvent$processEventRunnable$1$1.invoke(IdeEventQueue.kt:349)
	at com.intellij.ide.IdeEventQueueKt.performActivity$lambda$1(IdeEventQueue.kt:1014)
	at com.intellij.openapi.application.TransactionGuardImpl.performActivity(TransactionGuardImpl.java:106)
	at com.intellij.ide.IdeEventQueueKt.performActivity(IdeEventQueue.kt:1014)
	at com.intellij.ide.IdeEventQueue.dispatchEvent$lambda$7(IdeEventQueue.kt:349)
	at com.intellij.openapi.application.impl.ApplicationImpl.runIntendedWriteActionOnCurrentThread(ApplicationImpl.java:848)
	at com.intellij.ide.IdeEventQueue.dispatchEvent(IdeEventQueue.kt:391)
	at java.desktop/java.awt.EventDispatchThread.pumpOneEventForFilters(EventDispatchThread.java:207)
	at java.desktop/java.awt.EventDispatchThread.pumpEventsForFilter(EventDispatchThread.java:128)
	at java.desktop/java.awt.EventDispatchThread.pumpEventsForHierarchy(EventDispatchThread.java:117)
	at java.desktop/java.awt.EventDispatchThread.pumpEvents(EventDispatchThread.java:113)
	at java.desktop/java.awt.EventDispatchThread.pumpEvents(EventDispatchThread.java:105)
	at java.desktop/java.awt.EventDispatchThread.run(EventDispatchThread.java:92)
2024-02-18 11:30:14,882 [1961934] SEVERE - #c.i.o.a.TransactionGuardImpl - IntelliJ IDEA 2023.3.2  Build #IU-233.13135.103
2024-02-18 11:30:14,882 [1961934] SEVERE - #c.i.o.a.TransactionGuardImpl - JDK: 17.0.9; VM: OpenJDK 64-Bit Server VM; Vendor: JetBrains s.r.o.
2024-02-18 11:30:14,882 [1961934] SEVERE - #c.i.o.a.TransactionGuardImpl - OS: Linux
2024-02-18 11:30:14,882 [1961934] SEVERE - #c.i.o.a.TransactionGuardImpl - Last Action: GotoDeclaration
2024-02-18 11:30:19,402 [1966454]   WARN - #c.i.s.ComponentManagerImpl - com.intellij.usages.UsageNodePresentation initializer requests com.intellij.usageView.UsageTreeColorsScheme instance
2024-02-18 11:38:21,339 [2448391]   WARN - #o.j.i.maven - updateMavenProjects started: true true true 1 0
2024-02-18 11:38:21,603 [2448655]   WARN - #o.j.i.maven - updateMavenProjects finished: true true true 1 0
2024-02-18 12:01:00,339 [3807391]   WARN - #c.i.u.i.CachedImageIcon - Cannot get reflective icon (path=JavaScriptPsiIcons.FileTypes.TypeScriptFile)
java.lang.ClassNotFoundException: icons.JavaScriptPsiIcons$FileTypes
	at com.intellij.util.lang.UrlClassLoader.findClass(UrlClassLoader.java:246)
	at java.base/java.lang.ClassLoader.loadClass(ClassLoader.java:592)
	at java.base/java.lang.ClassLoader.loadClass(ClassLoader.java:525)
	at com.intellij.ui.icons.ImageDataByPathLoaderKt.getReflectiveIcon(ImageDataByPathLoader.kt:169)
	at com.intellij.openapi.util.IconLoaderKt.findIconUsingDeprecatedImplementation(IconLoader.kt:369)
	at com.intellij.openapi.util.IconLoaderKt.findIconUsingDeprecatedImplementation$default(IconLoader.kt:354)
	at com.intellij.openapi.util.IconLoader.findIcon(IconLoader.kt:147)
	at com.intellij.util.ui.ExtendableHTMLViewFactory$Extensions$IconsExtension.getIcon(ExtendableHTMLViewFactory.kt:143)
	at com.intellij.util.ui.ExtendableHTMLViewFactory$Extensions$IconsExtension.invoke(ExtendableHTMLViewFactory.kt:134)
	at com.intellij.util.ui.ExtendableHTMLViewFactory$Extensions$IconsExtension.invoke(ExtendableHTMLViewFactory.kt:127)
	at com.intellij.util.ui.ExtendableHTMLViewFactory.create(ExtendableHTMLViewFactory.kt:41)
	at java.desktop/javax.swing.text.html.TableView.create(TableView.java:942)
	at java.desktop/javax.swing.text.CompositeView.loadChildren(CompositeView.java:112)
	at java.desktop/javax.swing.text.FlowView$LogicalView.loadChildren(FlowView.java:731)
	at java.desktop/javax.swing.text.CompositeView.setParent(CompositeView.java:139)
	at java.desktop/javax.swing.text.FlowView.loadChildren(FlowView.java:147)
	at java.desktop/javax.swing.text.CompositeView.setParent(CompositeView.java:139)
	at java.desktop/javax.swing.text.FlowView.setParent(FlowView.java:306)
	at java.desktop/javax.swing.text.html.ParagraphView.setParent(ParagraphView.java:75)
	at java.desktop/javax.swing.text.CompositeView.replace(CompositeView.java:219)
	at java.desktop/javax.swing.text.BoxView.replace(BoxView.java:182)
	at java.desktop/javax.swing.text.CompositeView.loadChildren(CompositeView.java:114)
	at java.desktop/javax.swing.text.CompositeView.setParent(CompositeView.java:139)
	at java.desktop/javax.swing.text.html.BlockView.setParent(BlockView.java:72)
	at java.desktop/javax.swing.text.CompositeView.replace(CompositeView.java:219)
	at java.desktop/javax.swing.text.BoxView.replace(BoxView.java:182)
	at java.desktop/javax.swing.text.html.TableView$RowView.replace(TableView.java:1474)
	at java.desktop/javax.swing.text.CompositeView.loadChildren(CompositeView.java:114)
	at java.desktop/javax.swing.text.CompositeView.setParent(CompositeView.java:139)
	at java.desktop/javax.swing.text.CompositeView.replace(CompositeView.java:219)
	at java.desktop/javax.swing.text.BoxView.replace(BoxView.java:182)
	at java.desktop/javax.swing.text.html.TableView.replace(TableView.java:913)
	at java.desktop/javax.swing.text.View.updateChildren(View.java:1129)
	at java.desktop/javax.swing.text.View.insertUpdate(View.java:708)
	at java.desktop/javax.swing.text.html.TableView.insertUpdate(TableView.java:853)
	at java.desktop/javax.swing.text.View.forwardUpdateToView(View.java:1236)
	at java.desktop/javax.swing.text.View.forwardUpdate(View.java:1171)
	at java.desktop/javax.swing.text.BoxView.forwardUpdate(BoxView.java:241)
	at java.desktop/javax.swing.text.View.insertUpdate(View.java:714)
	at java.desktop/javax.swing.text.View.forwardUpdateToView(View.java:1236)
	at java.desktop/javax.swing.text.View.forwardUpdate(View.java:1171)
	at java.desktop/javax.swing.text.BoxView.forwardUpdate(BoxView.java:241)
	at java.desktop/javax.swing.text.View.insertUpdate(View.java:714)
	at java.desktop/javax.swing.plaf.basic.BasicTextUI$RootView.insertUpdate(BasicTextUI.java:1714)
	at java.desktop/javax.swing.plaf.basic.BasicTextUI$UpdateHandler.insertUpdate(BasicTextUI.java:1996)
	at java.desktop/javax.swing.text.AbstractDocument.fireInsertUpdate(AbstractDocument.java:226)
	at java.desktop/javax.swing.text.DefaultStyledDocument.insert(DefaultStyledDocument.java:223)
	at java.desktop/javax.swing.text.html.HTMLDocument.insert(HTMLDocument.java:434)
	at java.desktop/javax.swing.text.html.HTMLDocument$HTMLReader.flushBuffer(HTMLDocument.java:4035)
	at java.desktop/javax.swing.text.html.HTMLDocument$HTMLReader.flush(HTMLDocument.java:2742)
	at java.desktop/javax.swing.text.html.HTMLEditorKit.read(HTMLEditorKit.java:265)
	at java.desktop/javax.swing.JEditorPane.setText(JEditorPane.java:1484)
	at com.intellij.codeInsight.documentation.DocumentationEditorPane.setText(DocumentationEditorPane.java:101)
	at com.intellij.lang.documentation.ide.ui.DocumentationUI.updateContent(DocumentationUI.kt:226)
	at com.intellij.lang.documentation.ide.ui.DocumentationUI.handleContent(DocumentationUI.kt:175)
	at com.intellij.lang.documentation.ide.ui.DocumentationUI.handleContent(DocumentationUI.kt:164)
	at com.intellij.lang.documentation.ide.ui.DocumentationUI.access$handleContent(DocumentationUI.kt:47)
	at com.intellij.lang.documentation.ide.ui.DocumentationUI$handlePage$2.invokeSuspend(DocumentationUI.kt:144)
	at com.intellij.lang.documentation.ide.ui.DocumentationUI$handlePage$2.invoke(DocumentationUI.kt)
	at com.intellij.lang.documentation.ide.ui.DocumentationUI$handlePage$2.invoke(DocumentationUI.kt)
	at com.intellij.util.flow.FlowKt$collectLatestUndispatched$2$firstJob$1.invokeSuspend(flow.kt:68)
	at com.intellij.util.flow.FlowKt$collectLatestUndispatched$2$firstJob$1.invoke(flow.kt)
	at com.intellij.util.flow.FlowKt$collectLatestUndispatched$2$firstJob$1.invoke(flow.kt)
	at kotlinx.coroutines.intrinsics.UndispatchedKt.startCoroutineUndispatched(Undispatched.kt:44)
	at kotlinx.coroutines.CoroutineStart.invoke(CoroutineStart.kt:112)
	at kotlinx.coroutines.AbstractCoroutine.start(AbstractCoroutine.kt:126)
	at kotlinx.coroutines.BuildersKt__Builders_commonKt.launch(Builders.common.kt:56)
	at kotlinx.coroutines.BuildersKt.launch(Unknown Source)
	at kotlinx.coroutines.BuildersKt__Builders_commonKt.launch$default(Builders.common.kt:47)
	at kotlinx.coroutines.BuildersKt.launch$default(Unknown Source)
	at com.intellij.util.flow.FlowKt$collectLatestUndispatched$2.invokeSuspend(flow.kt:67)
	at com.intellij.util.flow.FlowKt$collectLatestUndispatched$2.invoke(flow.kt)
	at com.intellij.util.flow.FlowKt$collectLatestUndispatched$2.invoke(flow.kt)
	at kotlinx.coroutines.intrinsics.UndispatchedKt.startUndispatchedOrReturn(Undispatched.kt:78)
	at kotlinx.coroutines.CoroutineScopeKt.coroutineScope(CoroutineScope.kt:264)
	at com.intellij.util.flow.FlowKt.collectLatestUndispatched(flow.kt:66)
	at com.intellij.lang.documentation.ide.ui.DocumentationUI.handlePage(DocumentationUI.kt:143)
	at com.intellij.lang.documentation.ide.ui.DocumentationUI.access$handlePage(DocumentationUI.kt:47)
	at com.intellij.lang.documentation.ide.ui.DocumentationUI$6$1.invokeSuspend(DocumentationUI.kt:99)
	at com.intellij.lang.documentation.ide.ui.DocumentationUI$6$1.invoke(DocumentationUI.kt)
	at com.intellij.lang.documentation.ide.ui.DocumentationUI$6$1.invoke(DocumentationUI.kt)
	at com.intellij.util.flow.FlowKt$collectLatestUndispatched$2$firstJob$1.invokeSuspend(flow.kt:68)
	at com.intellij.util.flow.FlowKt$collectLatestUndispatched$2$firstJob$1.invoke(flow.kt)
	at com.intellij.util.flow.FlowKt$collectLatestUndispatched$2$firstJob$1.invoke(flow.kt)
	at kotlinx.coroutines.intrinsics.UndispatchedKt.startCoroutineUndispatched(Undispatched.kt:44)
	at kotlinx.coroutines.CoroutineStart.invoke(CoroutineStart.kt:112)
	at kotlinx.coroutines.AbstractCoroutine.start(AbstractCoroutine.kt:126)
	at kotlinx.coroutines.BuildersKt__Builders_commonKt.launch(Builders.common.kt:56)
	at kotlinx.coroutines.BuildersKt.launch(Unknown Source)
	at kotlinx.coroutines.BuildersKt__Builders_commonKt.launch$default(Builders.common.kt:47)
	at kotlinx.coroutines.BuildersKt.launch$default(Unknown Source)
	at com.intellij.util.flow.FlowKt$collectLatestUndispatched$2.invokeSuspend(flow.kt:67)
	at com.intellij.util.flow.FlowKt$collectLatestUndispatched$2.invoke(flow.kt)
	at com.intellij.util.flow.FlowKt$collectLatestUndispatched$2.invoke(flow.kt)
	at kotlinx.coroutines.intrinsics.UndispatchedKt.startUndispatchedOrReturn(Undispatched.kt:78)
	at kotlinx.coroutines.CoroutineScopeKt.coroutineScope(CoroutineScope.kt:264)
	at com.intellij.util.flow.FlowKt.collectLatestUndispatched(flow.kt:66)
	at com.intellij.lang.documentation.ide.ui.DocumentationUI$6.invokeSuspend(DocumentationUI.kt:98)
	at com.intellij.lang.documentation.ide.ui.DocumentationUI$6.invoke(DocumentationUI.kt)
	at com.intellij.lang.documentation.ide.ui.DocumentationUI$6.invoke(DocumentationUI.kt)
	at kotlinx.coroutines.intrinsics.UndispatchedKt.startCoroutineUndispatched(Undispatched.kt:44)
	at kotlinx.coroutines.CoroutineStart.invoke(CoroutineStart.kt:112)
	at kotlinx.coroutines.AbstractCoroutine.start(AbstractCoroutine.kt:126)
	at kotlinx.coroutines.BuildersKt__Builders_commonKt.launch(Builders.common.kt:56)
	at kotlinx.coroutines.BuildersKt.launch(Unknown Source)
	at com.intellij.lang.documentation.ide.ui.DocumentationUI.<init>(DocumentationUI.kt:97)
	at com.intellij.lang.documentation.ide.impl.PopupKt.showDocumentationPopup(popup.kt:38)
	at com.intellij.lang.documentation.ide.impl.PopupKt$showDocumentationPopup$1.invokeSuspend(popup.kt)
	at kotlin.coroutines.jvm.internal.BaseContinuationImpl.resumeWith(ContinuationImpl.kt:33)
	at kotlinx.coroutines.internal.ScopeCoroutine.afterResume(Scopes.kt:32)
	at kotlinx.coroutines.AbstractCoroutine.resumeWith(AbstractCoroutine.kt:102)
	at kotlin.coroutines.jvm.internal.BaseContinuationImpl.resumeWith(ContinuationImpl.kt:46)
	at kotlinx.coroutines.DispatchedTask.run(DispatchedTask.kt:108)
	at com.intellij.openapi.application.impl.DispatchedRunnable.run(DispatchedRunnable.kt:43)
	at com.intellij.openapi.application.TransactionGuardImpl.runWithWritingAllowed(TransactionGuardImpl.java:209)
	at com.intellij.openapi.application.TransactionGuardImpl.access$100(TransactionGuardImpl.java:22)
	at com.intellij.openapi.application.TransactionGuardImpl$1.run(TransactionGuardImpl.java:191)
	at com.intellij.openapi.application.impl.ApplicationImpl.runIntendedWriteActionOnCurrentThread(ApplicationImpl.java:843)
	at com.intellij.openapi.application.impl.ApplicationImpl$4.run(ApplicationImpl.java:463)
	at com.intellij.openapi.application.impl.RwLockHolder.runWithEnabledImplicitRead(RwLockHolder.kt:75)
	at com.intellij.openapi.application.impl.RwLockHolder.runWithImplicitRead(RwLockHolder.kt:67)
	at com.intellij.openapi.application.impl.ApplicationImpl.runWithImplicitRead(ApplicationImpl.java:1436)
	at com.intellij.openapi.application.impl.FlushQueue.doRun(FlushQueue.java:82)
	at com.intellij.openapi.application.impl.FlushQueue.runNextEvent(FlushQueue.java:124)
	at com.intellij.openapi.application.impl.FlushQueue.flushNow(FlushQueue.java:44)
	at java.desktop/java.awt.event.InvocationEvent.dispatch(InvocationEvent.java:318)
	at java.desktop/java.awt.EventQueue.dispatchEventImpl(EventQueue.java:792)
	at java.desktop/java.awt.EventQueue$3.run(EventQueue.java:739)
	at java.desktop/java.awt.EventQueue$3.run(EventQueue.java:733)
	at java.base/java.security.AccessController.doPrivileged(AccessController.java:399)
	at java.base/java.security.ProtectionDomain$JavaSecurityAccessImpl.doIntersectionPrivilege(ProtectionDomain.java:86)
	at java.desktop/java.awt.EventQueue.dispatchEvent(EventQueue.java:761)
	at com.intellij.ide.IdeEventQueue.defaultDispatchEvent(IdeEventQueue.kt:695)
	at com.intellij.ide.IdeEventQueue._dispatchEvent$lambda$12(IdeEventQueue.kt:589)
	at com.intellij.openapi.application.impl.RwLockHolder.runWithoutImplicitRead(RwLockHolder.kt:44)
	at com.intellij.ide.IdeEventQueue._dispatchEvent(IdeEventQueue.kt:589)
	at com.intellij.ide.IdeEventQueue.access$_dispatchEvent(IdeEventQueue.kt:72)
	at com.intellij.ide.IdeEventQueue$dispatchEvent$processEventRunnable$1$1$1.compute(IdeEventQueue.kt:355)
	at com.intellij.ide.IdeEventQueue$dispatchEvent$processEventRunnable$1$1$1.compute(IdeEventQueue.kt:354)
	at com.intellij.openapi.progress.impl.CoreProgressManager.computePrioritized(CoreProgressManager.java:793)
	at com.intellij.ide.IdeEventQueue$dispatchEvent$processEventRunnable$1$1.invoke(IdeEventQueue.kt:354)
	at com.intellij.ide.IdeEventQueue$dispatchEvent$processEventRunnable$1$1.invoke(IdeEventQueue.kt:349)
	at com.intellij.ide.IdeEventQueueKt.performActivity$lambda$1(IdeEventQueue.kt:1014)
	at com.intellij.openapi.application.TransactionGuardImpl.performActivity(TransactionGuardImpl.java:106)
	at com.intellij.ide.IdeEventQueueKt.performActivity(IdeEventQueue.kt:1014)
	at com.intellij.ide.IdeEventQueue.dispatchEvent$lambda$7(IdeEventQueue.kt:349)
	at com.intellij.openapi.application.impl.ApplicationImpl.runIntendedWriteActionOnCurrentThread(ApplicationImpl.java:848)
	at com.intellij.ide.IdeEventQueue.dispatchEvent(IdeEventQueue.kt:391)
	at java.desktop/java.awt.EventDispatchThread.pumpOneEventForFilters(EventDispatchThread.java:207)
	at java.desktop/java.awt.EventDispatchThread.pumpEventsForFilter(EventDispatchThread.java:128)
	at java.desktop/java.awt.EventDispatchThread.pumpEventsForHierarchy(EventDispatchThread.java:117)
	at java.desktop/java.awt.EventDispatchThread.pumpEvents(EventDispatchThread.java:113)
	at java.desktop/java.awt.EventDispatchThread.pumpEvents(EventDispatchThread.java:105)
	at java.desktop/java.awt.EventDispatchThread.run(EventDispatchThread.java:92)
2024-02-18 12:01:00,344 [3807396]   WARN - #c.i.u.i.CachedImageIcon - Cannot get reflective icon (path=JavaScriptPsiIcons.FileTypes.TypeScriptFile)
java.lang.ClassNotFoundException: icons.JavaScriptPsiIcons$FileTypes
	at com.intellij.util.lang.UrlClassLoader.findClass(UrlClassLoader.java:246)
	at java.base/java.lang.ClassLoader.loadClass(ClassLoader.java:592)
	at java.base/java.lang.ClassLoader.loadClass(ClassLoader.java:525)
	at com.intellij.ui.icons.ImageDataByPathLoaderKt.getReflectiveIcon(ImageDataByPathLoader.kt:169)
	at com.intellij.openapi.util.IconLoaderKt.findIconUsingDeprecatedImplementation(IconLoader.kt:369)
	at com.intellij.openapi.util.IconLoaderKt.findIconUsingDeprecatedImplementation$default(IconLoader.kt:354)
	at com.intellij.openapi.util.IconLoader.findIcon(IconLoader.kt:147)
	at com.intellij.util.ui.ExtendableHTMLViewFactory$Extensions$IconsExtension.getIcon(ExtendableHTMLViewFactory.kt:143)
	at com.intellij.util.ui.ExtendableHTMLViewFactory$Extensions$IconsExtension.invoke(ExtendableHTMLViewFactory.kt:134)
	at com.intellij.util.ui.ExtendableHTMLViewFactory$Extensions$IconsExtension.invoke(ExtendableHTMLViewFactory.kt:127)
	at com.intellij.util.ui.ExtendableHTMLViewFactory.create(ExtendableHTMLViewFactory.kt:41)
	at java.desktop/javax.swing.text.html.TableView.create(TableView.java:942)
	at java.desktop/javax.swing.text.CompositeView.loadChildren(CompositeView.java:112)
	at java.desktop/javax.swing.text.FlowView$LogicalView.loadChildren(FlowView.java:731)
	at java.desktop/javax.swing.text.CompositeView.setParent(CompositeView.java:139)
	at java.desktop/javax.swing.text.FlowView.loadChildren(FlowView.java:147)
	at java.desktop/javax.swing.text.CompositeView.setParent(CompositeView.java:139)
	at java.desktop/javax.swing.text.FlowView.setParent(FlowView.java:306)
	at java.desktop/javax.swing.text.html.ParagraphView.setParent(ParagraphView.java:75)
	at java.desktop/javax.swing.text.CompositeView.replace(CompositeView.java:219)
	at java.desktop/javax.swing.text.BoxView.replace(BoxView.java:182)
	at java.desktop/javax.swing.text.CompositeView.loadChildren(CompositeView.java:114)
	at java.desktop/javax.swing.text.CompositeView.setParent(CompositeView.java:139)
	at java.desktop/javax.swing.text.html.BlockView.setParent(BlockView.java:72)
	at java.desktop/javax.swing.text.CompositeView.replace(CompositeView.java:219)
	at java.desktop/javax.swing.text.BoxView.replace(BoxView.java:182)
	at java.desktop/javax.swing.text.html.TableView$RowView.replace(TableView.java:1474)
	at java.desktop/javax.swing.text.CompositeView.loadChildren(CompositeView.java:114)
	at java.desktop/javax.swing.text.CompositeView.setParent(CompositeView.java:139)
	at java.desktop/javax.swing.text.CompositeView.replace(CompositeView.java:219)
	at java.desktop/javax.swing.text.BoxView.replace(BoxView.java:182)
	at java.desktop/javax.swing.text.html.TableView.replace(TableView.java:913)
	at java.desktop/javax.swing.text.CompositeView.loadChildren(CompositeView.java:114)
	at java.desktop/javax.swing.text.CompositeView.setParent(CompositeView.java:139)
	at java.desktop/javax.swing.text.html.TableView.setParent(TableView.java:817)
	at java.desktop/javax.swing.text.CompositeView.replace(CompositeView.java:219)
	at java.desktop/javax.swing.text.BoxView.replace(BoxView.java:182)
	at java.desktop/javax.swing.text.CompositeView.loadChildren(CompositeView.java:114)
	at java.desktop/javax.swing.text.CompositeView.setParent(CompositeView.java:139)
	at java.desktop/javax.swing.text.html.BlockView.setParent(BlockView.java:72)
	at java.desktop/javax.swing.text.html.HTMLEditorKit$HTMLFactory$BodyBlockView.setParent(HTMLEditorKit.java:1476)
	at java.desktop/javax.swing.text.CompositeView.replace(CompositeView.java:219)
	at java.desktop/javax.swing.text.BoxView.replace(BoxView.java:182)
	at java.desktop/javax.swing.text.CompositeView.loadChildren(CompositeView.java:114)
	at java.desktop/javax.swing.text.CompositeView.setParent(CompositeView.java:139)
	at java.desktop/javax.swing.text.html.BlockView.setParent(BlockView.java:72)
	at java.desktop/javax.swing.plaf.basic.BasicTextUI$RootView.setView(BasicTextUI.java:1432)
	at java.desktop/javax.swing.plaf.basic.BasicTextUI.setView(BasicTextUI.java:713)
	at java.desktop/javax.swing.plaf.basic.BasicTextUI.modelChanged(BasicTextUI.java:702)
	at java.desktop/javax.swing.plaf.basic.BasicTextUI$UpdateHandler.propertyChange(BasicTextUI.java:1919)
	at java.desktop/java.beans.PropertyChangeSupport.fire(PropertyChangeSupport.java:343)
	at java.desktop/java.beans.PropertyChangeSupport.firePropertyChange(PropertyChangeSupport.java:335)
	at java.desktop/java.beans.PropertyChangeSupport.firePropertyChange(PropertyChangeSupport.java:268)
	at java.desktop/java.awt.Component.firePropertyChange(Component.java:8759)
	at java.desktop/java.awt.Component.setFont(Component.java:1980)
	at java.desktop/java.awt.Container.setFont(Container.java:1780)
	at java.desktop/javax.swing.JComponent.setFont(JComponent.java:2810)
	at com.intellij.codeInsight.documentation.DocumentationEditorPane.applyFontProps(DocumentationEditorPane.java:205)
	at com.intellij.lang.documentation.ide.ui.DocumentationUI$7$1.emit(DocumentationUI.kt:104)
	at com.intellij.lang.documentation.ide.ui.DocumentationUI$7$1.emit(DocumentationUI.kt:103)
	at kotlinx.coroutines.flow.StateFlowImpl.collect(StateFlow.kt:396)
	at kotlinx.coroutines.flow.ReadonlySharedFlow.collect(Share.kt)
	at com.intellij.lang.documentation.ide.ui.DocumentationUI$7.invokeSuspend(DocumentationUI.kt:103)
	at com.intellij.lang.documentation.ide.ui.DocumentationUI$7.invoke(DocumentationUI.kt)
	at com.intellij.lang.documentation.ide.ui.DocumentationUI$7.invoke(DocumentationUI.kt)
	at kotlinx.coroutines.intrinsics.UndispatchedKt.startCoroutineUndispatched(Undispatched.kt:44)
	at kotlinx.coroutines.CoroutineStart.invoke(CoroutineStart.kt:112)
	at kotlinx.coroutines.AbstractCoroutine.start(AbstractCoroutine.kt:126)
	at kotlinx.coroutines.BuildersKt__Builders_commonKt.launch(Builders.common.kt:56)
	at kotlinx.coroutines.BuildersKt.launch(Unknown Source)
	at com.intellij.lang.documentation.ide.ui.DocumentationUI.<init>(DocumentationUI.kt:102)
	at com.intellij.lang.documentation.ide.impl.PopupKt.showDocumentationPopup(popup.kt:38)
	at com.intellij.lang.documentation.ide.impl.PopupKt$showDocumentationPopup$1.invokeSuspend(popup.kt)
	at kotlin.coroutines.jvm.internal.BaseContinuationImpl.resumeWith(ContinuationImpl.kt:33)
	at kotlinx.coroutines.internal.ScopeCoroutine.afterResume(Scopes.kt:32)
	at kotlinx.coroutines.AbstractCoroutine.resumeWith(AbstractCoroutine.kt:102)
	at kotlin.coroutines.jvm.internal.BaseContinuationImpl.resumeWith(ContinuationImpl.kt:46)
	at kotlinx.coroutines.DispatchedTask.run(DispatchedTask.kt:108)
	at com.intellij.openapi.application.impl.DispatchedRunnable.run(DispatchedRunnable.kt:43)
	at com.intellij.openapi.application.TransactionGuardImpl.runWithWritingAllowed(TransactionGuardImpl.java:209)
	at com.intellij.openapi.application.TransactionGuardImpl.access$100(TransactionGuardImpl.java:22)
	at com.intellij.openapi.application.TransactionGuardImpl$1.run(TransactionGuardImpl.java:191)
	at com.intellij.openapi.application.impl.ApplicationImpl.runIntendedWriteActionOnCurrentThread(ApplicationImpl.java:843)
	at com.intellij.openapi.application.impl.ApplicationImpl$4.run(ApplicationImpl.java:463)
	at com.intellij.openapi.application.impl.RwLockHolder.runWithEnabledImplicitRead(RwLockHolder.kt:75)
	at com.intellij.openapi.application.impl.RwLockHolder.runWithImplicitRead(RwLockHolder.kt:67)
	at com.intellij.openapi.application.impl.ApplicationImpl.runWithImplicitRead(ApplicationImpl.java:1436)
	at com.intellij.openapi.application.impl.FlushQueue.doRun(FlushQueue.java:82)
	at com.intellij.openapi.application.impl.FlushQueue.runNextEvent(FlushQueue.java:124)
	at com.intellij.openapi.application.impl.FlushQueue.flushNow(FlushQueue.java:44)
	at java.desktop/java.awt.event.InvocationEvent.dispatch(InvocationEvent.java:318)
	at java.desktop/java.awt.EventQueue.dispatchEventImpl(EventQueue.java:792)
	at java.desktop/java.awt.EventQueue$3.run(EventQueue.java:739)
	at java.desktop/java.awt.EventQueue$3.run(EventQueue.java:733)
	at java.base/java.security.AccessController.doPrivileged(AccessController.java:399)
	at java.base/java.security.ProtectionDomain$JavaSecurityAccessImpl.doIntersectionPrivilege(ProtectionDomain.java:86)
	at java.desktop/java.awt.EventQueue.dispatchEvent(EventQueue.java:761)
	at com.intellij.ide.IdeEventQueue.defaultDispatchEvent(IdeEventQueue.kt:695)
	at com.intellij.ide.IdeEventQueue._dispatchEvent$lambda$12(IdeEventQueue.kt:589)
	at com.intellij.openapi.application.impl.RwLockHolder.runWithoutImplicitRead(RwLockHolder.kt:44)
	at com.intellij.ide.IdeEventQueue._dispatchEvent(IdeEventQueue.kt:589)
	at com.intellij.ide.IdeEventQueue.access$_dispatchEvent(IdeEventQueue.kt:72)
	at com.intellij.ide.IdeEventQueue$dispatchEvent$processEventRunnable$1$1$1.compute(IdeEventQueue.kt:355)
	at com.intellij.ide.IdeEventQueue$dispatchEvent$processEventRunnable$1$1$1.compute(IdeEventQueue.kt:354)
	at com.intellij.openapi.progress.impl.CoreProgressManager.computePrioritized(CoreProgressManager.java:793)
	at com.intellij.ide.IdeEventQueue$dispatchEvent$processEventRunnable$1$1.invoke(IdeEventQueue.kt:354)
	at com.intellij.ide.IdeEventQueue$dispatchEvent$processEventRunnable$1$1.invoke(IdeEventQueue.kt:349)
	at com.intellij.ide.IdeEventQueueKt.performActivity$lambda$1(IdeEventQueue.kt:1014)
	at com.intellij.openapi.application.TransactionGuardImpl.performActivity(TransactionGuardImpl.java:106)
	at com.intellij.ide.IdeEventQueueKt.performActivity(IdeEventQueue.kt:1014)
	at com.intellij.ide.IdeEventQueue.dispatchEvent$lambda$7(IdeEventQueue.kt:349)
	at com.intellij.openapi.application.impl.ApplicationImpl.runIntendedWriteActionOnCurrentThread(ApplicationImpl.java:848)
	at com.intellij.ide.IdeEventQueue.dispatchEvent(IdeEventQueue.kt:391)
	at java.desktop/java.awt.EventDispatchThread.pumpOneEventForFilters(EventDispatchThread.java:207)
	at java.desktop/java.awt.EventDispatchThread.pumpEventsForFilter(EventDispatchThread.java:128)
	at java.desktop/java.awt.EventDispatchThread.pumpEventsForHierarchy(EventDispatchThread.java:117)
	at java.desktop/java.awt.EventDispatchThread.pumpEvents(EventDispatchThread.java:113)
	at java.desktop/java.awt.EventDispatchThread.pumpEvents(EventDispatchThread.java:105)
	at java.desktop/java.awt.EventDispatchThread.run(EventDispatchThread.java:92)
2024-02-18 18:15:29,355 [26276407]   WARN - #c.i.i.IdeEventQueue - System clock's jumped back by ~1 sec
